2025-10-19 15:20:36.354 WARNING (SyncWorker_0) [homeassistant.loader] We found a custom integration hacs which has not been tested by Home Assistant. This component might cause stability problems, be sure to disable it if you experience issues with Home Assistant
2025-10-19 15:28:10.410 WARNING (MainThread) [homeassistant.components.light] Got `color_temp` argument in `turn_on` service, which is deprecated and will break in Home Assistant 2026.1, please use `color_temp_kelvin` argument
2025-10-19 15:33:43.748 ERROR (MainThread) [frontend.js.modern.202510012] Uncaught error from Chrome 140.0.0.0 on Linux
Error: Failed to execute 'define' on 'CustomElementRegistry': the name "mushroom-select" has already been used with this registry
A.define (node_modules/@webcomponents/scoped-custom-element-registry/src/scoped-custom-element-registry.ts:180:12)
/hacsfiles/lovelace-mushroom/mushroom.js:24:126
ga (/hacsfiles/lovelace-mushroom/mushroom.js:1:11051)
/hacsfiles/lovelace-mushroom/mushroom.js:287:46360
2025-10-19 15:38:44.188 ERROR (MainThread) [frontend.js.modern.202510012] Uncaught error from Chrome 140.0.0.0 on Linux
Error: Failed to execute 'define' on 'CustomElementRegistry': the name "mushroom-select" has already been used with this registry
A.define (node_modules/@webcomponents/scoped-custom-element-registry/src/scoped-custom-element-registry.ts:180:12)
/hacsfiles/lovelace-mushroom/mushroom.js:24:126
ga (/hacsfiles/lovelace-mushroom/mushroom.js:1:11051)
/hacsfiles/lovelace-mushroom/mushroom.js:287:46360
2025-10-19 15:38:47.190 ERROR (MainThread) [frontend.js.modern.202510012] Uncaught error from Chrome 140.0.0.0 on Linux
Error: Failed to execute 'define' on 'CustomElementRegistry': the name "mushroom-select" has already been used with this registry
A.define (node_modules/@webcomponents/scoped-custom-element-registry/src/scoped-custom-element-registry.ts:180:12)
/hacsfiles/lovelace-mushroom/mushroom.js:24:126
ga (/hacsfiles/lovelace-mushroom/mushroom.js:1:11051)
/hacsfiles/lovelace-mushroom/mushroom.js:287:46360
